TOMASULO TABLE
lw        r16,0(r29)	2	3	4	9
lui       r28,0x1003	3	4	5	10
addiu     r28,r28,20912	4	5	11	16
addiu     r17,r29,4	5	6	7	12
addiu     r3,r17,4	6	7	13	18
sll       r2,r16,2	9	10	11	17
addu      r3,r3,r2	10	11	19	24
addu      r18,r0,r3	12	13	25	30
sw        r18,-21500(r28)	16	17	31	0
addiu     r29,r29,-24	17	18	19	25
addu      r4,r0,r16	18	19	20	26
addu      r5,r0,r17	24	25	26	31
addu      r6,r0,r18	25	26	31	36
jal       0x5fb810	26	0	0	0
addiu     r29,r29,-24	27	28	29	34
sw        r31,16(r29)	30	31	35	0
jal       0x602f70	31	0	0	0
addiu     r29,r29,-24	32	33	36	41
sw        r16,16(r29)	34	35	42	0
addu      r16,r0,r5	36	37	38	43
sw        r31,20(r29)	37	38	42	0
beq       r16,r0,0x602fe0	38	0	0	0
lw        r4,0(r16)	40	41	44	49
beq       r4,r0,0x602fe0	41	0	0	0
addiu     r5,r0,47	42	43	47	52
jal       0x6089a0	43	0	0	0
addiu     r29,r29,-32	44	45	47	53
sw        r17,20(r29)	47	48	54	0
andi      r17,r5,255	48	49	53	58
sw        r31,24(r29)	49	50	54	0
